V |                      | ArgumentsFromParametersFile.OnBuildCreated (150)
V |                      | Passing value for Build.Solution (Neoskye.sln)
V |                      | InjectParameterValues.OnBuildCreated (100)
V |                      | HandleShellCompletion.OnBuildCreated (75)
V |                      | GenerateBuildServerConfigurations.OnBuildCreated (50)
V |                      | InvokeBuildServerConfigurationGeneration.OnBuildCreated (45)
V |                      | UpdateNotification.OnBuildCreated (10)
V |                      | UnsetVisualStudioEnvironmentVariables.OnBuildCreated (0)
V |                      | HandleVisualStudioDebugging.OnBuildCreated (0)
V |                      | HandleSingleFileExecution.OnBuildCreated (-50)
V |                      | EventInvoker.OnBuildCreated (-3.4028235E+38)
V |                      | HandleHelpRequests.OnBuildInitialized (5)
V |                      | Telemetry.OnBuildInitialized (0)
V |                      | Sending BuildStarted telemetry event ...
V |                      |   build_components         = 
V |                      |   build_type               = Project
V |                      |   compile_time             = <null>
V |                      |   config_generators        = 
V |                      |   host                     = VSCode
V |                      |   num_custom_components    = 0
V |                      |   num_custom_extensions    = 0
V |                      |   num_partitioned_targets  = 0
V |                      |   num_secrets              = 0
V |                      |   num_targets              = 4
V |                      |   os_architecture          = X64
V |                      |   os_platform              = Windows
V |                      |   repo_branch              = main
V |                      |   repo_commit              = cca629
V |                      |   repo_provider            = GitHub
V |                      |   repo_url                 = b89e29
V |                      |   target_framework         = .NETCoreApp,Version=v6.0
V |                      |   version_dotnet_sdk       = 7.0.103
V |                      |   version_nuke_common      = 6.3.0
V |                      |   version_nuke_global_tool = <null>
V |                      | InjectNonParameterValues.OnBuildInitialized (-100)
V |                      | EventInvoker.OnBuildInitialized (-3.4028235E+38)
V | Restore              | EventInvoker.OnTargetRunning (-3.4028235E+38)
I | Restore              | > "C:\Program Files\Microsoft Visual Studio\2022\Community\MSBuild\Current\Bin\amd64\msbuild.exe" C:\Users\tagsu\code\neoskye\Neoskye.sln /target:Restore /p:Configuration=Debug /nr:false
D | Restore              | MSBuild version 17.4.1+9a89d02ff for .NET Framework
D | Restore              | Building the projects in this solution one at a time. To enable parallel build, please add the "-m" switch.
D | Restore              | Build started 1-3-2023 20:34:02.
D | Restore              | Project "C:\Users\tagsu\code\neoskye\Neoskye.sln" on node 1 (Restore target(s)).
D | Restore              | ValidateSolutionConfiguration:
D | Restore              |   Building solution configuration "Debug|Any CPU".
D | Restore              | ValidateProjects:
D | Restore              |   The project "_build" is not selected for building in solution configuration "Debug|Any CPU".
D | Restore              | _GetAllRestoreProjectPathItems:
D | Restore              |   Determining projects to restore...
D | Restore              | Restore:
D | Restore              |   X.509 certificate chain validation will use the default trust store selected by .NET.
D | Restore              |   Assets file has not changed. Skipping assets file writing. Path: C:\Users\tagsu\code\neoskye\runtime\Neoskye.Engine\obj\project.assets.json
D | Restore              |   Assets file has not changed. Skipping assets file writing. Path: C:\Users\tagsu\code\neoskye\FNA\obj_core\project.assets.json
D | Restore              |   Restored C:\Users\tagsu\code\neoskye\runtime\Neoskye.Engine\Neoskye.Engine.csproj (in 151 ms).
D | Restore              |   Assets file has not changed. Skipping assets file writing. Path: C:\Users\tagsu\code\neoskye\atelier\obj\project.assets.json
D | Restore              |   Restored C:\Users\tagsu\code\neoskye\atelier\atelier.csproj (in 153 ms).
D | Restore              |   Restored C:\Users\tagsu\code\neoskye\FNA\FNA.Core.csproj (in 153 ms).
D | Restore              |   
D | Restore              |   NuGet Config files used:
D | Restore              |       C:\Users\tagsu\AppData\Roaming\NuGet\NuGet.Config
D | Restore              |       C:\Program Files (x86)\NuGet\Config\Microsoft.VisualStudio.Offline.config
D | Restore              |   
D | Restore              |   Feeds used:
D | Restore              |       https://api.nuget.org/v3/index.json
D | Restore              |       C:\Program Files (x86)\Microsoft SDKs\NuGetPackages\
D | Restore              |   All projects are up-to-date for restore.
D | Restore              | Done Building Project "C:\Users\tagsu\code\neoskye\Neoskye.sln" (Restore target(s)).
D | Restore              | 
D | Restore              | Build succeeded.
D | Restore              |     0 Warning(s)
D | Restore              |     0 Error(s)
D | Restore              | 
D | Restore              | Time Elapsed 00:00:02.11
I | Restore              | > "C:\Program Files\Microsoft Visual Studio\2022\Community\MSBuild\Current\Bin\amd64\msbuild.exe" C:\Users\tagsu\code\neoskye/test/test.csproj /target:Restore /p:Configuration=Debug /nr:false
D | Restore              | MSBuild version 17.4.1+9a89d02ff for .NET Framework
D | Restore              | Build started 1-3-2023 20:34:05.
D | Restore              | Project "C:\Users\tagsu\code\neoskye\test\test.csproj" on node 1 (Restore target(s)).
D | Restore              | _GetAllRestoreProjectPathItems:
D | Restore              |   Determining projects to restore...
D | Restore              | Restore:
D | Restore              |   X.509 certificate chain validation will use the default trust store selected by .NET.
D | Restore              |   Assets file has not changed. Skipping assets file writing. Path: C:\Users\tagsu\code\neoskye\test\obj\project.assets.json
D | Restore              |   Assets file has not changed. Skipping assets file writing. Path: C:\Users\tagsu\code\neoskye\runtime\Neoskye.Engine\obj\project.assets.json
D | Restore              |   Assets file has not changed. Skipping assets file writing. Path: C:\Users\tagsu\code\neoskye\FNA\obj_core\project.assets.json
D | Restore              |   Restored C:\Users\tagsu\code\neoskye\FNA\FNA.Core.csproj (in 149 ms).
D | Restore              |   Restored C:\Users\tagsu\code\neoskye\runtime\Neoskye.Engine\Neoskye.Engine.csproj (in 149 ms).
D | Restore              |   Restored C:\Users\tagsu\code\neoskye\test\test.csproj (in 149 ms).
D | Restore              |   
D | Restore              |   NuGet Config files used:
D | Restore              |       C:\Users\tagsu\AppData\Roaming\NuGet\NuGet.Config
D | Restore              |       C:\Program Files (x86)\NuGet\Config\Microsoft.VisualStudio.Offline.config
D | Restore              |   
D | Restore              |   Feeds used:
D | Restore              |       https://api.nuget.org/v3/index.json
D | Restore              |       C:\Program Files (x86)\Microsoft SDKs\NuGetPackages\
D | Restore              |   All projects are up-to-date for restore.
D | Restore              | Done Building Project "C:\Users\tagsu\code\neoskye\test\test.csproj" (Restore target(s)).
D | Restore              | 
D | Restore              | Build succeeded.
D | Restore              |     0 Warning(s)
D | Restore              |     0 Error(s)
D | Restore              | 
D | Restore              | Time Elapsed 00:00:02.25
V | Restore              | Telemetry.OnTargetSucceeded (0)
V | Restore              | Sending TargetSucceeded telemetry event ...
V | Restore              |   build_components         = 
V | Restore              |   build_type               = Project
V | Restore              |   compile_time             = <null>
V | Restore              |   config_generators        = 
V | Restore              |   host                     = VSCode
V | Restore              |   num_custom_components    = 0
V | Restore              |   num_custom_extensions    = 0
V | Restore              |   num_partitioned_targets  = 0
V | Restore              |   num_secrets              = 0
V | Restore              |   num_targets              = 4
V | Restore              |   os_architecture          = X64
V | Restore              |   os_platform              = Windows
V | Restore              |   repo_branch              = main
V | Restore              |   repo_commit              = cca629
V | Restore              |   repo_provider            = GitHub
V | Restore              |   repo_url                 = b89e29
V | Restore              |   target_current_partition = 1
V | Restore              |   target_duration          = 6
V | Restore              |   target_framework         = .NETCoreApp,Version=v6.0
V | Restore              |   target_name              = Restore
V | Restore              |   target_total_partitions  = 1
V | Restore              |   version_dotnet_sdk       = 7.0.103
V | Restore              |   version_nuke_common      = 6.3.0
V | Restore              |   version_nuke_global_tool = <null>
V | Restore              | EventInvoker.OnTargetSucceeded (-3.4028235E+38)
V | Compile              | EventInvoker.OnTargetRunning (-3.4028235E+38)
I | Compile              | > "C:\Program Files\Microsoft Visual Studio\2022\Community\MSBuild\Current\Bin\amd64\msbuild.exe" C:\Users\tagsu\code\neoskye\Neoskye.sln /target:Build /p:Configuration=Debug /nr:false
D | Compile              | MSBuild version 17.4.1+9a89d02ff for .NET Framework
D | Compile              | Building the projects in this solution one at a time. To enable parallel build, please add the "-m" switch.
D | Compile              | Build started 1-3-2023 20:34:09.
D | Compile              | Project "C:\Users\tagsu\code\neoskye\Neoskye.sln" on node 1 (Build target(s)).
D | Compile              | ValidateSolutionConfiguration:
D | Compile              |   Building solution configuration "Debug|Any CPU".
D | Compile              | ValidateProjects:
D | Compile              |   The project "_build" is not selected for building in solution configuration "Debug|Any CPU".
D | Compile              | Project "C:\Users\tagsu\code\neoskye\Neoskye.sln" (1) is building "C:\Users\tagsu\code\neoskye\FNA\FNA.Core.csproj" (2) on node 1 (default targets).
D | Compile              | Project "C:\Users\tagsu\code\neoskye\FNA\FNA.Core.csproj" (2) is building "C:\Users\tagsu\code\neoskye\FNA\FNA.Core.csproj" (2:2) on node 1 (Build target(s)).
D | Compile              | ValidatePropsFilePath:
D | Compile              |   No property overrides found at 'C:\Users\tagsu\code\neoskye\FNA.Settings.props'
D | Compile              | GenerateTargetFrameworkMonikerAttribute:
D | Compile              | Skipping target "GenerateTargetFrameworkMonikerAttribute" because all output files are up-to-date with respect to the input files.
D | Compile              | CoreCompile:
D | Compile              | Skipping target "CoreCompile" because all output files are up-to-date with respect to the input files.
D | Compile              | _CopyAppConfigFile:
D | Compile              | Skipping target "_CopyAppConfigFile" because all output files are up-to-date with respect to the input files.
D | Compile              | GenerateBuildDependencyFile:
D | Compile              | Skipping target "GenerateBuildDependencyFile" because all output files are up-to-date with respect to the input files.
D | Compile              | CopyFilesToOutputDirectory:
D | Compile              |   FNA.Core -> C:\Users\tagsu\code\neoskye\FNA\bin\x64\Debug\netstandard2.0\FNA.dll
D | Compile              | Done Building Project "C:\Users\tagsu\code\neoskye\FNA\FNA.Core.csproj" (Build target(s)).
D | Compile              | Project "C:\Users\tagsu\code\neoskye\FNA\FNA.Core.csproj" (2) is building "C:\Users\tagsu\code\neoskye\FNA\FNA.Core.csproj" (2:3) on node 1 (Build target(s)).
D | Compile              | ValidatePropsFilePath:
D | Compile              |   No property overrides found at 'C:\Users\tagsu\code\neoskye\FNA.Settings.props'
D | Compile              | GenerateTargetFrameworkMonikerAttribute:
D | Compile              | Skipping target "GenerateTargetFrameworkMonikerAttribute" because all output files are up-to-date with respect to the input files.
D | Compile              | CoreCompile:
D | Compile              | Skipping target "CoreCompile" because all output files are up-to-date with respect to the input files.
D | Compile              | _CopyAppConfigFile:
D | Compile              | Skipping target "_CopyAppConfigFile" because all output files are up-to-date with respect to the input files.
D | Compile              | GenerateBuildDependencyFile:
D | Compile              | Skipping target "GenerateBuildDependencyFile" because all output files are up-to-date with respect to the input files.
D | Compile              | CopyFilesToOutputDirectory:
D | Compile              |   FNA.Core -> C:\Users\tagsu\code\neoskye\FNA\bin\x64\Debug\net7.0\FNA.dll
D | Compile              | Done Building Project "C:\Users\tagsu\code\neoskye\FNA\FNA.Core.csproj" (Build target(s)).
D | Compile              | Done Building Project "C:\Users\tagsu\code\neoskye\FNA\FNA.Core.csproj" (default targets).
D | Compile              | Project "C:\Users\tagsu\code\neoskye\Neoskye.sln" (1) is building "C:\Users\tagsu\code\neoskye\runtime\Neoskye.Engine\Neoskye.Engine.csproj" (3) on node 1 (default targets).
D | Compile              | C:\Program Files\Microsoft Visual Studio\2022\Community\MSBuild\Current\Bin\amd64\Microsoft.Common.CurrentVersion.targets(2352,5): warning MSB3270: There was a mismatch between the processor architecture of the project being built "MSIL" and the processor architecture of the reference "C:\Users\tagsu\code\neoskye\FNA\bin\x64\Debug\net7.0\FNA.dll", "AMD64". This mismatch may cause runtime failures. Please consider changing the targeted processor architecture of your project through the Configuration Manager so as to align the processor architectures between your project and references, or take a dependency on references with a processor architecture that matches the targeted processor architecture of your project. [C:\Users\tagsu\code\neoskye\runtime\Neoskye.Engine\Neoskye.Engine.csproj]
D | Compile              | GenerateTargetFrameworkMonikerAttribute:
D | Compile              | Skipping target "GenerateTargetFrameworkMonikerAttribute" because all output files are up-to-date with respect to the input files.
D | Compile              | CoreGenerateAssemblyInfo:
D | Compile              | Skipping target "CoreGenerateAssemblyInfo" because all output files are up-to-date with respect to the input files.
D | Compile              | CoreCompile:
D | Compile              |   C:\Program Files\Microsoft Visual Studio\2022\Community\MSBuild\Current\Bin\Roslyn\csc.exe /noconfig /unsafe- /checked- /nowarn:1701,1702,IL2121,1701,1702 /fullpaths /nostdlib+ /errorreport:prompt /warn:7 /define:TRACE;DEBUG;NET;NET7_0;NETCOREAPP;NET5_0_OR_GREATER;NET6_0_OR_GREATER;NET7_0_OR_GREATER;NETCOREAPP1_0_OR_GREATER;NETCOREAPP1_1_OR_GREATER;NETCOREAPP2_0_OR_GREATER;NETCOREAPP2_1_OR_GREATER;NETCOREAPP2_2_OR_GREATER;NETCOREAPP3_0_OR_GREATER;NETCOREAPP3_1_OR_GREATER /highentropyva+ /nullable:enable /reference:C:\Users\tagsu\code\neoskye\FNA\obj_core\x64\Debug\net7.0\ref\FNA.dll /reference:"C:\Program Files\dotnet\packs\Microsoft.NETCore.App.Ref\7.0.3\ref\net7.0\Microsoft.CSharp.dll" /reference:"C:\Program Files\dotnet\packs\Microsoft.NETCore.App.Ref\7.0.3\ref\net7.0\Microsoft.VisualBasic.Core.dll" /reference:"C:\Program Files\dotnet\packs\Microsoft.NETCore.App.Ref\7.0.3\ref\net7.0\Microsoft.VisualBasic.dll" /reference:"C:\Program Files\dotnet\packs\Microsoft.NETCore.App.Ref\7.0.3\ref\net7.0\Microsoft.Win32.Primitives.dll" /reference:"C:\Program Files\dotnet\packs\Microsoft.NETCore.App.Ref\7.0.3\ref\net7.0\Microsoft.Win32.Registry.dll" /reference:"C:\Program Files\dotnet\packs\Microsoft.NETCore.App.Ref\7.0.3\ref\net7.0\mscorlib.dll" /reference:"C:\Program Files\dotnet\packs\Microsoft.NETCore.App.Ref\7.0.3\ref\net7.0\netstandard.dll" /reference:"C:\Program Files\dotnet\packs\Microsoft.NETCore.App.Ref\7.0.3\ref\net7.0\System.AppContext.dll" /reference:"C:\Program Files\dotnet\packs\Microsoft.NETCore.App.Ref\7.0.3\ref\net7.0\System.Buffers.dll" /reference:"C:\Program Files\dotnet\packs\Microsoft.NETCore.App.Ref\7.0.3\ref\net7.0\System.Collections.Concurrent.dll" /reference:"C:\Program Files\dotnet\packs\Microsoft.NETCore.App.Ref\7.0.3\ref\net7.0\System.Collections.dll" /reference:"C:\Program Files\dotnet\packs\Microsoft.NETCore.App.Ref\7.0.3\ref\net7.0\System.Collections.Immutable.dll" /reference:"C:\Program Files\dotnet\packs\Microsoft.NETCore.App.Ref\7.0.3\ref\net7.0\System.Collections.NonGeneric.dll" /reference:"C:\Program Files\dotnet\packs\Microsoft.NETCore.App.Ref\7.0.3\ref\net7.0\System.Collections.Specialized.dll" /reference:"C:\Program Files\dotnet\packs\Microsoft.NETCore.App.Ref\7.0.3\ref\net7.0\System.ComponentModel.Annotations.dll" /reference:"C:\Program Files\dotnet\packs\Microsoft.NETCore.App.Ref\7.0.3\ref\net7.0\System.ComponentModel.DataAnnotations.dll" /reference:"C:\Program Files\dotnet\packs\Microsoft.NETCore.App.Ref\7.0.3\ref\net7.0\System.ComponentModel.dll" /reference:"C:\Program Files\dotnet\packs\Microsoft.NETCore.App.Ref\7.0.3\ref\net7.0\System.ComponentModel.EventBasedAsync.dll" /reference:"C:\Program Files\dotnet\packs\Microsoft.NETCore.App.Ref\7.0.3\ref\net7.0\System.ComponentModel.Primitives.dll" /reference:"C:\Program Files\dotnet\packs\Microsoft.NETCore.App.Ref\7.0.3\ref\net7.0\System.ComponentModel.TypeConverter.dll" /reference:"C:\Program Files\dotnet\packs\Microsoft.NETCore.App.Ref\7.0.3\ref\net7.0\System.Configuration.dll" /reference:"C:\Program Files\dotnet\packs\Microsoft.NETCore.App.Ref\7.0.3\ref\net7.0\System.Console.dll" /reference:"C:\Program Files\dotnet\packs\Microsoft.NETCore.App.Ref\7.0.3\ref\net7.0\System.Core.dll" /reference:"C:\Program Files\dotnet\packs\Microsoft.NETCore.App.Ref\7.0.3\ref\net7.0\System.Data.Common.dll" /reference:"C:\Program Files\dotnet\packs\Microsoft.NETCore.App.Ref\7.0.3\ref\net7.0\System.Data.DataSetExtensions.dll" /reference:"C:\Program Files\dotnet\packs\Microsoft.NETCore.App.Ref\7.0.3\ref\net7.0\System.Data.dll" /reference:"C:\Program Files\dotnet\packs\Microsoft.NETCore.App.Ref\7.0.3\ref\net7.0\System.Diagnostics.Contracts.dll" /reference:"C:\Program Files\dotnet\packs\Microsoft.NETCore.App.Ref\7.0.3\ref\net7.0\System.Diagnostics.Debug.dll" /reference:"C:\Program Files\dotnet\packs\Microsoft.NETCore.App.Ref\7.0.3\ref\net7.0\System.Diagnostics.DiagnosticSource.dll" /reference:"C:\Program Files\dotnet\packs\Microsoft.NETCore.App.Ref\7.0.3\ref\net7.0\System.Diagnostics.FileVersionInfo.dll" /reference:"C:\Program Files\dotnet\packs\Microsoft.NETCore.App.Ref\7.0.3\ref\net7.0\System.Diagnostics.Process.dll" /reference:"C:\Program Files\dotnet\packs\Microsoft.NETCore.App.Ref\7.0.3\ref\net7.0\System.Diagnostics.StackTrace.dll" /reference:"C:\Program Files\dotnet\packs\Microsoft.NETCore.App.Ref\7.0.3\ref\net7.0\System.Diagnostics.TextWriterTraceListener.dll" /reference:"C:\Program Files\dotnet\packs\Microsoft.NETCore.App.Ref\7.0.3\ref\net7.0\System.Diagnostics.Tools.dll" /reference:"C:\Program Files\dotnet\packs\Microsoft.NETCore.App.Ref\7.0.3\ref\net7.0\System.Diagnostics.TraceSource.dll" /reference:"C:\Program Files\dotnet\packs\Microsoft.NETCore.App.Ref\7.0.3\ref\net7.0\System.Diagnostics.Tracing.dll" /reference:"C:\Program Files\dotnet\packs\Microsoft.NETCore.App.Ref\7.0.3\ref\net7.0\System.dll" /reference:"C:\Program Files\dotnet\packs\Microsoft.NETCore.App.Ref\7.0.3\ref\net7.0\System.Drawing.dll" /reference:"C:\Program Files\dotnet\packs\Microsoft.NETCore.App.Ref\7.0.3\ref\net7.0\System.Drawing.Primitives.dll" /reference:"C:\Program Files\dotnet\packs\Microsoft.NETCore.App.Ref\7.0.3\ref\net7.0\System.Dynamic.Runtime.dll" /reference:"C:\Program Files\dotnet\packs\Microsoft.NETCore.App.Ref\7.0.3\ref\net7.0\System.Formats.Asn1.dll" /reference:"C:\Program Files\dotnet\packs\Microsoft.NETCore.App.Ref\7.0.3\ref\net7.0\System.Formats.Tar.dll" /reference:"C:\Program Files\dotnet\packs\Microsoft.NETCore.App.Ref\7.0.3\ref\net7.0\System.Globalization.Calendars.dll" /reference:"C:\Program Files\dotnet\packs\Microsoft.NETCore.App.Ref\7.0.3\ref\net7.0\System.Globalization.dll" /reference:"C:\Program Files\dotnet\packs\Microsoft.NETCore.App.Ref\7.0.3\ref\net7.0\System.Globalization.Extensions.dll" /reference:"C:\Program Files\dotnet\packs\Microsoft.NETCore.App.Ref\7.0.3\ref\net7.0\System.IO.Compression.Brotli.dll" /reference:"C:\Program Files\dotnet\packs\Microsoft.NETCore.App.Ref\7.0.3\ref\net7.0\System.IO.Compression.dll" /reference:"C:\Program Files\dotnet\packs\Microsoft.NETCore.App.Ref\7.0.3\ref\net7.0\System.IO.Compression.FileSystem.dll" /reference:"C:\Program Files\dotnet\packs\Microsoft.NETCore.App.Ref\7.0.3\ref\net7.0\System.IO.Compression.ZipFile.dll" /reference:"C:\Program Files\dotnet\packs\Microsoft.NETCore.App.Ref\7.0.3\ref\net7.0\System.IO.dll" /reference:"C:\Program Files\dotnet\packs\Microsoft.NETCore.App.Ref\7.0.3\ref\net7.0\System.IO.FileSystem.AccessControl.dll" /reference:"C:\Program Files\dotnet\packs\Microsoft.NETCore.App.Ref\7.0.3\ref\net7.0\System.IO.FileSystem.dll" /reference:"C:\Program Files\dotnet\packs\Microsoft.NETCore.App.Ref\7.0.3\ref\net7.0\System.IO.FileSystem.DriveInfo.dll" /reference:"C:\Program Files\dotnet\packs\Microsoft.NETCore.App.Ref\7.0.3\ref\net7.0\System.IO.FileSystem.Primitives.dll" /reference:"C:\Program Files\dotnet\packs\Microsoft.NETCore.App.Ref\7.0.3\ref\net7.0\System.IO.FileSystem.Watcher.dll" /reference:"C:\Program Files\dotnet\packs\Microsoft.NETCore.App.Ref\7.0.3\ref\net7.0\System.IO.IsolatedStorage.dll" /reference:"C:\Program Files\dotnet\packs\Microsoft.NETCore.App.Ref\7.0.3\ref\net7.0\System.IO.MemoryMappedFiles.dll" /reference:"C:\Program Files\dotnet\packs\Microsoft.NETCore.App.Ref\7.0.3\ref\net7.0\System.IO.Pipes.AccessControl.dll" /reference:"C:\Program Files\dotnet\packs\Microsoft.NETCore.App.Ref\7.0.3\ref\net7.0\System.IO.Pipes.dll" /reference:"C:\Program Files\dotnet\packs\Microsoft.NETCore.App.Ref\7.0.3\ref\net7.0\System.IO.UnmanagedMemoryStream.dll" /reference:"C:\Program Files\dotnet\packs\Microsoft.NETCore.App.Ref\7.0.3\ref\net7.0\System.Linq.dll" /reference:"C:\Program Files\dotnet\packs\Microsoft.NETCore.App.Ref\7.0.3\ref\net7.0\System.Linq.Expressions.dll" /reference:"C:\Program Files\dotnet\packs\Microsoft.NETCore.App.Ref\7.0.3\ref\net7.0\System.Linq.Parallel.dll" /reference:"C:\Program Files\dotnet\packs\Microsoft.NETCore.App.Ref\7.0.3\ref\net7.0\System.Linq.Queryable.dll" /reference:"C:\Program Files\dotnet\packs\Microsoft.NETCore.App.Ref\7.0.3\ref\net7.0\System.Memory.dll" /reference:"C:\Program Files\dotnet\packs\Microsoft.NETCore.App.Ref\7.0.3\ref\net7.0\System.Net.dll" /reference:"C:\Program Files\dotnet\packs\Microsoft.NETCore.App.Ref\7.0.3\ref\net7.0\System.Net.Http.dll" /reference:"C:\Program Files\dotnet\packs\Microsoft.NETCore.App.Ref\7.0.3\ref\net7.0\System.Net.Http.Json.dll" /reference:"C:\Program Files\dotnet\packs\Microsoft.NETCore.App.Ref\7.0.3\ref\net7.0\System.Net.HttpListener.dll" /reference:"C:\Program Files\dotnet\packs\Microsoft.NETCore.App.Ref\7.0.3\ref\net7.0\System.Net.Mail.dll" /reference:"C:\Program Files\dotnet\packs\Microsoft.NETCore.App.Ref\7.0.3\ref\net7.0\System.Net.NameResolution.dll" /reference:"C:\Program Files\dotnet\packs\Microsoft.NETCore.App.Ref\7.0.3\ref\net7.0\System.Net.NetworkInformation.dll" /reference:"C:\Program Files\dotnet\packs\Microsoft.NETCore.App.Ref\7.0.3\ref\net7.0\System.Net.Ping.dll" /reference:"C:\Program Files\dotnet\packs\Microsoft.NETCore.App.Ref\7.0.3\ref\net7.0\System.Net.Primitives.dll" /reference:"C:\Program Files\dotnet\packs\Microsoft.NETCore.App.Ref\7.0.3\ref\net7.0\System.Net.Quic.dll" /reference:"C:\Program Files\dotnet\packs\Microsoft.NETCore.App.Ref\7.0.3\ref\net7.0\System.Net.Requests.dll" /reference:"C:\Program Files\dotnet\packs\Microsoft.NETCore.App.Ref\7.0.3\ref\net7.0\System.Net.Security.dll" /reference:"C:\Program Files\dotnet\packs\Microsoft.NETCore.App.Ref\7.0.3\ref\net7.0\System.Net.ServicePoint.dll" /reference:"C:\Program Files\dotnet\packs\Microsoft.NETCore.App.Ref\7.0.3\ref\net7.0\System.Net.Sockets.dll" /reference:"C:\Program Files\dotnet\packs\Microsoft.NETCore.App.Ref\7.0.3\ref\net7.0\System.Net.WebClient.dll" /reference:"C:\Program Files\dotnet\packs\Microsoft.NETCore.App.Ref\7.0.3\ref\net7.0\System.Net.WebHeaderCollection.dll" /reference:"C:\Program Files\dotnet\packs\Microsoft.NETCore.App.Ref\7.0.3\ref\net7.0\System.Net.WebProxy.dll" /reference:"C:\Program Files\dotnet\packs\Microsoft.NETCore.App.Ref\7.0.3\ref\net7.0\System.Net.WebSockets.Client.dll" /reference:"C:\Program Files\dotnet\packs\Microsoft.NETCore.App.Ref\7.0.3\ref\net7.0\System.Net.WebSockets.dll" /reference:"C:\Program Files\dotnet\packs\Microsoft.NETCore.App.Ref\7.0.3\ref\net7.0\System.Numerics.dll" /reference:"C:\Program Files\dotnet\packs\Microsoft.NETCore.App.Ref\7.0.3\ref\net7.0\System.Numerics.Vectors.dll" /reference:"C:\Program Files\dotnet\packs\Microsoft.NETCore.App.Ref\7.0.3\ref\net7.0\System.ObjectModel.dll" /reference:"C:\Program Files\dotnet\packs\Microsoft.NETCore.App.Ref\7.0.3\ref\net7.0\System.Reflection.DispatchProxy.dll" /reference:"C:\Program Files\dotnet\packs\Microsoft.NETCore.App.Ref\7.0.3\ref\net7.0\System.Reflection.dll" /reference:"C:\Program Files\dotnet\packs\Microsoft.NETCore.App.Ref\7.0.3\ref\net7.0\System.Reflection.Emit.dll" /reference:"C:\Program Files\dotnet\packs\Microsoft.NETCore.App.Ref\7.0.3\ref\net7.0\System.Reflection.Emit.ILGeneration.dll" /reference:"C:\Program Files\dotnet\packs\Microsoft.NETCore.App.Ref\7.0.3\ref\net7.0\System.Reflection.Emit.Lightweight.dll" /reference:"C:\Program Files\dotnet\packs\Microsoft.NETCore.App.Ref\7.0.3\ref\net7.0\System.Reflection.Extensions.dll" /reference:"C:\Program Files\dotnet\packs\Microsoft.NETCore.App.Ref\7.0.3\ref\net7.0\System.Reflection.Metadata.dll" /reference:"C:\Program Files\dotnet\packs\Microsoft.NETCore.App.Ref\7.0.3\ref\net7.0\System.Reflection.Primitives.dll" /reference:"C:\Program Files\dotnet\packs\Microsoft.NETCore.App.Ref\7.0.3\ref\net7.0\System.Reflection.TypeExtensions.dll" /reference:"C:\Program Files\dotnet\packs\Microsoft.NETCore.App.Ref\7.0.3\ref\net7.0\System.Resources.Reader.dll" /reference:"C:\Program Files\dotnet\packs\Microsoft.NETCore.App.Ref\7.0.3\ref\net7.0\System.Resources.ResourceManager.dll" /reference:"C:\Program Files\dotnet\packs\Microsoft.NETCore.App.Ref\7.0.3\ref\net7.0\System.Resources.Writer.dll" /reference:"C:\Program Files\dotnet\packs\Microsoft.NETCore.App.Ref\7.0.3\ref\net7.0\System.Runtime.CompilerServices.Unsafe.dll" /reference:"C:\Program Files\dotnet\packs\Microsoft.NETCore.App.Ref\7.0.3\ref\net7.0\System.Runtime.CompilerServices.VisualC.dll" /reference:"C:\Program Files\dotnet\packs\Microsoft.NETCore.App.Ref\7.0.3\ref\net7.0\System.Runtime.dll" /reference:"C:\Program Files\dotnet\packs\Microsoft.NETCore.App.Ref\7.0.3\ref\net7.0\System.Runtime.Extensions.dll" /reference:"C:\Program Files\dotnet\packs\Microsoft.NETCore.App.Ref\7.0.3\ref\net7.0\System.Runtime.Handles.dll" /reference:"C:\Program Files\dotnet\packs\Microsoft.NETCore.App.Ref\7.0.3\ref\net7.0\System.Runtime.InteropServices.dll" /reference:"C:\Program Files\dotnet\packs\Microsoft.NETCore.App.Ref\7.0.3\ref\net7.0\System.Runtime.InteropServices.JavaScript.dll" /reference:"C:\Program Files\dotnet\packs\Microsoft.NETCore.App.Ref\7.0.3\ref\net7.0\System.Runtime.InteropServices.RuntimeInformation.dll" /reference:"C:\Program Files\dotnet\packs\Microsoft.NETCore.App.Ref\7.0.3\ref\net7.0\System.Runtime.Intrinsics.dll" /reference:"C:\Program Files\dotnet\packs\Microsoft.NETCore.App.Ref\7.0.3\ref\net7.0\System.Runtime.Loader.dll" /reference:"C:\Program Files\dotnet\packs\Microsoft.NETCore.App.Ref\7.0.3\ref\net7.0\System.Runtime.Numerics.dll" /reference:"C:\Program Files\dotnet\packs\Microsoft.NETCore.App.Ref\7.0.3\ref\net7.0\System.Runtime.Serialization.dll" /reference:"C:\Program Files\dotnet\packs\Microsoft.NETCore.App.Ref\7.0.3\ref\net7.0\System.Runtime.Serialization.Formatters.dll" /reference:"C:\Program Files\dotnet\packs\Microsoft.NETCore.App.Ref\7.0.3\ref\net7.0\System.Runtime.Serialization.Json.dll" /reference:"C:\Program Files\dotnet\packs\Microsoft.NETCore.App.Ref\7.0.3\ref\net7.0\System.Runtime.Serialization.Primitives.dll" /reference:"C:\Program Files\dotnet\packs\Microsoft.NETCore.App.Ref\7.0.3\ref\net7.0\System.Runtime.Serialization.Xml.dll" /reference:"C:\Program Files\dotnet\packs\Microsoft.NETCore.App.Ref\7.0.3\ref\net7.0\System.Security.AccessControl.dll" /reference:"C:\Program Files\dotnet\packs\Microsoft.NETCore.App.Ref\7.0.3\ref\net7.0\System.Security.Claims.dll" /reference:"C:\Program Files\dotnet\packs\Microsoft.NETCore.App.Ref\7.0.3\ref\net7.0\System.Security.Cryptography.Algorithms.dll" /reference:"C:\Program Files\dotnet\packs\Microsoft.NETCore.App.Ref\7.0.3\ref\net7.0\System.Security.Cryptography.Cng.dll" /reference:"C:\Program Files\dotnet\packs\Microsoft.NETCore.App.Ref\7.0.3\ref\net7.0\System.Security.Cryptography.Csp.dll" /reference:"C:\Program Files\dotnet\packs\Microsoft.NETCore.App.Ref\7.0.3\ref\net7.0\System.Security.Cryptography.dll" /reference:"C:\Program Files\dotnet\packs\Microsoft.NETCore.App.Ref\7.0.3\ref\net7.0\System.Security.Cryptography.Encoding.dll" /reference:"C:\Program Files\dotnet\packs\Microsoft.NETCore.App.Ref\7.0.3\ref\net7.0\System.Security.Cryptography.OpenSsl.dll" /reference:"C:\Program Files\dotnet\packs\Microsoft.NETCore.App.Ref\7.0.3\ref\net7.0\System.Security.Cryptography.Primitives.dll" /reference:"C:\Program Files\dotnet\packs\Microsoft.NETCore.App.Ref\7.0.3\ref\net7.0\System.Security.Cryptography.X509Certificates.dll" /reference:"C:\Program Files\dotnet\packs\Microsoft.NETCore.App.Ref\7.0.3\ref\net7.0\System.Security.dll" /reference:"C:\Program Files\dotnet\packs\Microsoft.NETCore.App.Ref\7.0.3\ref\net7.0\System.Security.Principal.dll" /reference:"C:\Program Files\dotnet\packs\Microsoft.NETCore.App.Ref\7.0.3\ref\net7.0\System.Security.Principal.Windows.dll" /reference:"C:\Program Files\dotnet\packs\Microsoft.NETCore.App.Ref\7.0.3\ref\net7.0\System.Security.SecureString.dll" /reference:"C:\Program Files\dotnet\packs\Microsoft.NETCore.App.Ref\7.0.3\ref\net7.0\System.ServiceModel.Web.dll" /reference:"C:\Program Files\dotnet\packs\Microsoft.NETCore.App.Ref\7.0.3\ref\net7.0\System.ServiceProcess.dll" /reference:"C:\Program Files\dotnet\packs\Microsoft.NETCore.App.Ref\7.0.3\ref\net7.0\System.Text.Encoding.CodePages.dll" /reference:"C:\Program Files\dotnet\packs\Microsoft.NETCore.App.Ref\7.0.3\ref\net7.0\System.Text.Encoding.dll" /reference:"C:\Program Files\dotnet\packs\Microsoft.NETCore.App.Ref\7.0.3\ref\net7.0\System.Text.Encoding.Extensions.dll" /reference:"C:\Program Files\dotnet\packs\Microsoft.NETCore.App.Ref\7.0.3\ref\net7.0\System.Text.Encodings.Web.dll" /reference:"C:\Program Files\dotnet\packs\Microsoft.NETCore.App.Ref\7.0.3\ref\net7.0\System.Text.Json.dll" /reference:"C:\Program Files\dotnet\packs\Microsoft.NETCore.App.Ref\7.0.3\ref\net7.0\System.Text.RegularExpressions.dll" /reference:"C:\Program Files\dotnet\packs\Microsoft.NETCore.App.Ref\7.0.3\ref\net7.0\System.Threading.Channels.dll" /reference:"C:\Program Files\dotnet\packs\Microsoft.NETCore.App.Ref\7.0.3\ref\net7.0\System.Threading.dll" /reference:"C:\Program Files\dotnet\packs\Microsoft.NETCore.App.Ref\7.0.3\ref\net7.0\System.Threading.Overlapped.dll" /reference:"C:\Program Files\dotnet\packs\Microsoft.NETCore.App.Ref\7.0.3\ref\net7.0\System.Threading.Tasks.Dataflow.dll" /reference:"C:\Program Files\dotnet\packs\Microsoft.NETCore.App.Ref\7.0.3\ref\net7.0\System.Threading.Tasks.dll" /reference:"C:\Program Files\dotnet\packs\Microsoft.NETCore.App.Ref\7.0.3\ref\net7.0\System.Threading.Tasks.Extensions.dll" /reference:"C:\Program Files\dotnet\packs\Microsoft.NETCore.App.Ref\7.0.3\ref\net7.0\System.Threading.Tasks.Parallel.dll" /reference:"C:\Program Files\dotnet\packs\Microsoft.NETCore.App.Ref\7.0.3\ref\net7.0\System.Threading.Thread.dll" /reference:"C:\Program Files\dotnet\packs\Microsoft.NETCore.App.Ref\7.0.3\ref\net7.0\System.Threading.ThreadPool.dll" /reference:"C:\Program Files\dotnet\packs\Microsoft.NETCore.App.Ref\7.0.3\ref\net7.0\System.Threading.Timer.dll" /reference:"C:\Program Files\dotnet\packs\Microsoft.NETCore.App.Ref\7.0.3\ref\net7.0\System.Transactions.dll" /reference:"C:\Program Files\dotnet\packs\Microsoft.NETCore.App.Ref\7.0.3\ref\net7.0\System.Transactions.Local.dll" /reference:"C:\Program Files\dotnet\packs\Microsoft.NETCore.App.Ref\7.0.3\ref\net7.0\System.ValueTuple.dll" /reference:"C:\Program Files\dotnet\packs\Microsoft.NETCore.App.Ref\7.0.3\ref\net7.0\System.Web.dll" /reference:"C:\Program Files\dotnet\packs\Microsoft.NETCore.App.Ref\7.0.3\ref\net7.0\System.Web.HttpUtility.dll" /reference:"C:\Program Files\dotnet\packs\Microsoft.NETCore.App.Ref\7.0.3\ref\net7.0\System.Windows.dll" /reference:"C:\Program Files\dotnet\packs\Microsoft.NETCore.App.Ref\7.0.3\ref\net7.0\System.Xml.dll" /reference:"C:\Program Files\dotnet\packs\Microsoft.NETCore.App.Ref\7.0.3\ref\net7.0\System.Xml.Linq.dll" /reference:"C:\Program Files\dotnet\packs\Microsoft.NETCore.App.Ref\7.0.3\ref\net7.0\System.Xml.ReaderWriter.dll" /reference:"C:\Program Files\dotnet\packs\Microsoft.NETCore.App.Ref\7.0.3\ref\net7.0\System.Xml.Serialization.dll" /reference:"C:\Program Files\dotnet\packs\Microsoft.NETCore.App.Ref\7.0.3\ref\net7.0\System.Xml.XDocument.dll" /reference:"C:\Program Files\dotnet\packs\Microsoft.NETCore.App.Ref\7.0.3\ref\net7.0\System.Xml.XmlDocument.dll" /reference:"C:\Program Files\dotnet\packs\Microsoft.NETCore.App.Ref\7.0.3\ref\net7.0\System.Xml.XmlSerializer.dll" /reference:"C:\Program Files\dotnet\packs\Microsoft.NETCore.App.Ref\7.0.3\ref\net7.0\System.Xml.XPath.dll" /reference:"C:\Program Files\dotnet\packs\Microsoft.NETCore.App.Ref\7.0.3\ref\net7.0\System.Xml.XPath.XDocument.dll" /reference:"C:\Program Files\dotnet\packs\Microsoft.NETCore.App.Ref\7.0.3\ref\net7.0\WindowsBase.dll" /debug+ /debug:portable /filealign:512 /optimize- /out:obj\Debug\net7.0\Neoskye.Engine.dll /refout:obj\Debug\net7.0\refint\Neoskye.Engine.dll /target:library /warnaserror- /utf8output /deterministic+ /langversion:11.0 /analyzerconfig:C:\Users\tagsu\code\neoskye\.editorconfig /analyzerconfig:obj\Debug\net7.0\Neoskye.Engine.GeneratedMSBuildEditorConfig.editorconfig /analyzerconfig:"C:\Program Files\dotnet\sdk\7.0.103\Sdks\Microsoft.NET.Sdk\analyzers\build\config\analysislevel_7_default.editorconfig" /analyzer:"C:\Program Files\dotnet\sdk\7.0.103\Sdks\Microsoft.NET.Sdk\targets\..\analyzers\Microsoft.CodeAnalysis.CSharp.NetAnalyzers.dll" /analyzer:"C:\Program Files\dotnet\sdk\7.0.103\Sdks\Microsoft.NET.Sdk\targets\..\analyzers\Microsoft.CodeAnalysis.NetAnalyzers.dll" /analyzer:"C:\Program Files\dotnet\packs\Microsoft.NETCore.App.Ref\7.0.3\analyzers/dotnet/cs/Microsoft.Interop.JavaScript.JSImportGenerator.dll" /analyzer:"C:\Program Files\dotnet\packs\Microsoft.NETCore.App.Ref\7.0.3\analyzers/dotnet/cs/Microsoft.Interop.LibraryImportGenerator.dll" /analyzer:"C:\Program Files\dotnet\packs\Microsoft.NETCore.App.Ref\7.0.3\analyzers/dotnet/cs/Microsoft.Interop.SourceGeneration.dll" /analyzer:"C:\Program Files\dotnet\packs\Microsoft.NETCore.App.Ref\7.0.3\analyzers/dotnet/cs/System.Text.Json.SourceGeneration.dll" /analyzer:"C:\Program Files\dotnet\packs\Microsoft.NETCore.App.Ref\7.0.3\analyzers/dotnet/cs/System.Text.RegularExpressions.Generator.dll" Engine.cs FNAInstance.cs global.cs obj\Debug\net7.0\Neoskye.Engine.GlobalUsings.g.cs "obj\Debug\net7.0\.NETCoreApp,Version=v7.0.AssemblyAttributes.cs" obj\Debug\net7.0\Neoskye.Engine.AssemblyInfo.cs /warnaserror+:NU1605,SYSLIB0011
D | Compile              |   CompilerServer: server - server processed compilation - 2813b42d-d713-4715-9370-7f997ca9821b
D | Compile              | _CopyFilesMarkedCopyLocal:
D | Compile              |   Copying file from "C:\Users\tagsu\code\neoskye\FNA\bin\x64\Debug\net7.0\FNA.dll" to "C:\Users\tagsu\code\neoskye\runtime\Neoskye.Engine\bin\Debug\net7.0\FNA.dll".
D | Compile              |   Copying file from "C:\Users\tagsu\code\neoskye\FNA\bin\x64\Debug\net7.0\FNA.pdb" to "C:\Users\tagsu\code\neoskye\runtime\Neoskye.Engine\bin\Debug\net7.0\FNA.pdb".
D | Compile              |   Touching "C:\Users\tagsu\code\neoskye\runtime\Neoskye.Engine\obj\Debug\net7.0\Neoskye.Engine.csproj.CopyComplete".
D | Compile              | GenerateBuildDependencyFile:
D | Compile              | Skipping target "GenerateBuildDependencyFile" because all output files are up-to-date with respect to the input files.
D | Compile              | CopyFilesToOutputDirectory:
D | Compile              |   Copying file from "C:\Users\tagsu\code\neoskye\runtime\Neoskye.Engine\obj\Debug\net7.0\Neoskye.Engine.dll" to "C:\Users\tagsu\code\neoskye\runtime\Neoskye.Engine\bin\Debug\net7.0\Neoskye.Engine.dll".
D | Compile              |   Neoskye.Engine -> C:\Users\tagsu\code\neoskye\runtime\Neoskye.Engine\bin\Debug\net7.0\Neoskye.Engine.dll
D | Compile              |   Copying file from "C:\Users\tagsu\code\neoskye\runtime\Neoskye.Engine\obj\Debug\net7.0\Neoskye.Engine.pdb" to "C:\Users\tagsu\code\neoskye\runtime\Neoskye.Engine\bin\Debug\net7.0\Neoskye.Engine.pdb".
D | Compile              | Done Building Project "C:\Users\tagsu\code\neoskye\runtime\Neoskye.Engine\Neoskye.Engine.csproj" (default targets).
D | Compile              | Project "C:\Users\tagsu\code\neoskye\Neoskye.sln" (1) is building "C:\Users\tagsu\code\neoskye\atelier\atelier.csproj" (4) on node 1 (default targets).
D | Compile              | C:\Program Files\Microsoft Visual Studio\2022\Community\MSBuild\Current\Bin\amd64\Microsoft.Common.CurrentVersion.targets(2352,5): warning MSB3270: There was a mismatch between the processor architecture of the project being built "MSIL" and the processor architecture of the reference "C:\Users\tagsu\code\neoskye\FNA\bin\x64\Debug\net7.0\FNA.dll", "AMD64". This mismatch may cause runtime failures. Please consider changing the targeted processor architecture of your project through the Configuration Manager so as to align the processor architectures between your project and references, or take a dependency on references with a processor architecture that matches the targeted processor architecture of your project. [C:\Users\tagsu\code\neoskye\atelier\atelier.csproj]
D | Compile              | GenerateTargetFrameworkMonikerAttribute:
D | Compile              | Skipping target "GenerateTargetFrameworkMonikerAttribute" because all output files are up-to-date with respect to the input files.
D | Compile              | CoreGenerateAssemblyInfo:
D | Compile              | Skipping target "CoreGenerateAssemblyInfo" because all output files are up-to-date with respect to the input files.
D | Compile              | CoreCompile:
D | Compile              | Skipping target "CoreCompile" because all output files are up-to-date with respect to the input files.
D | Compile              | _CreateAppHost:
D | Compile              | Skipping target "_CreateAppHost" because all output files are up-to-date with respect to the input files.
D | Compile              | _CopyOutOfDateSourceItemsToOutputDirectory:
D | Compile              | Skipping target "_CopyOutOfDateSourceItemsToOutputDirectory" because all output files are up-to-date with respect to the input files.
D | Compile              | GenerateBuildDependencyFile:
D | Compile              | Skipping target "GenerateBuildDependencyFile" because all output files are up-to-date with respect to the input files.
D | Compile              | GenerateBuildRuntimeConfigurationFiles:
D | Compile              | Skipping target "GenerateBuildRuntimeConfigurationFiles" because all output files are up-to-date with respect to the input files.
D | Compile              | CopyFilesToOutputDirectory:
D | Compile              |   atelier -> C:\Users\tagsu\code\neoskye\atelier\bin\Debug\net7.0\atelier.dll
D | Compile              | Done Building Project "C:\Users\tagsu\code\neoskye\atelier\atelier.csproj" (default targets).
D | Compile              | Done Building Project "C:\Users\tagsu\code\neoskye\Neoskye.sln" (Build target(s)).
D | Compile              | 
D | Compile              | Build succeeded.
D | Compile              | 
D | Compile              | "C:\Users\tagsu\code\neoskye\Neoskye.sln" (Build target) (1) ->
D | Compile              | "C:\Users\tagsu\code\neoskye\runtime\Neoskye.Engine\Neoskye.Engine.csproj" (default target) (3) ->
D | Compile              | (ResolveAssemblyReferences target) -> 
D | Compile              |   C:\Program Files\Microsoft Visual Studio\2022\Community\MSBuild\Current\Bin\amd64\Microsoft.Common.CurrentVersion.targets(2352,5): warning MSB3270: There was a mismatch between the processor architecture of the project being built "MSIL" and the processor architecture of the reference "C:\Users\tagsu\code\neoskye\FNA\bin\x64\Debug\net7.0\FNA.dll", "AMD64". This mismatch may cause runtime failures. Please consider changing the targeted processor architecture of your project through the Configuration Manager so as to align the processor architectures between your project and references, or take a dependency on references with a processor architecture that matches the targeted processor architecture of your project. [C:\Users\tagsu\code\neoskye\runtime\Neoskye.Engine\Neoskye.Engine.csproj]
D | Compile              | 
D | Compile              | 
D | Compile              | "C:\Users\tagsu\code\neoskye\Neoskye.sln" (Build target) (1) ->
D | Compile              | "C:\Users\tagsu\code\neoskye\atelier\atelier.csproj" (default target) (4) ->
D | Compile              |   C:\Program Files\Microsoft Visual Studio\2022\Community\MSBuild\Current\Bin\amd64\Microsoft.Common.CurrentVersion.targets(2352,5): warning MSB3270: There was a mismatch between the processor architecture of the project being built "MSIL" and the processor architecture of the reference "C:\Users\tagsu\code\neoskye\FNA\bin\x64\Debug\net7.0\FNA.dll", "AMD64". This mismatch may cause runtime failures. Please consider changing the targeted processor architecture of your project through the Configuration Manager so as to align the processor architectures between your project and references, or take a dependency on references with a processor architecture that matches the targeted processor architecture of your project. [C:\Users\tagsu\code\neoskye\atelier\atelier.csproj]
D | Compile              | 
D | Compile              |     2 Warning(s)
D | Compile              |     0 Error(s)
D | Compile              | 
D | Compile              | Time Elapsed 00:00:02.78
I | Compile              | > "C:\Program Files\Microsoft Visual Studio\2022\Community\MSBuild\Current\Bin\amd64\msbuild.exe" C:\Users\tagsu\code\neoskye/test/test.csproj /target:Build /p:Configuration=Debug /nr:false
D | Compile              | MSBuild version 17.4.1+9a89d02ff for .NET Framework
D | Compile              | Build started 1-3-2023 20:34:13.
D | Compile              | Project "C:\Users\tagsu\code\neoskye\test\test.csproj" on node 1 (Build target(s)).
D | Compile              | Project "C:\Users\tagsu\code\neoskye\test\test.csproj" (1) is building "C:\Users\tagsu\code\neoskye\runtime\Neoskye.Engine\Neoskye.Engine.csproj" (2:2) on node 1 (default targets).
D | Compile              | Project "C:\Users\tagsu\code\neoskye\runtime\Neoskye.Engine\Neoskye.Engine.csproj" (2:2) is building "C:\Users\tagsu\code\neoskye\FNA\FNA.Core.csproj" (3:5) on node 1 (default targets).
D | Compile              | ValidatePropsFilePath:
D | Compile              |   No property overrides found at 'FNA.Settings.props'
D | Compile              | GenerateTargetFrameworkMonikerAttribute:
D | Compile              | Skipping target "GenerateTargetFrameworkMonikerAttribute" because all output files are up-to-date with respect to the input files.
D | Compile              | CoreCompile:
D | Compile              | Skipping target "CoreCompile" because all output files are up-to-date with respect to the input files.
D | Compile              | _CopyAppConfigFile:
D | Compile              | Skipping target "_CopyAppConfigFile" because all output files are up-to-date with respect to the input files.
D | Compile              | GenerateBuildDependencyFile:
D | Compile              | Skipping target "GenerateBuildDependencyFile" because all output files are up-to-date with respect to the input files.
D | Compile              | CopyFilesToOutputDirectory:
D | Compile              |   FNA.Core -> C:\Users\tagsu\code\neoskye\FNA\bin\Debug\net7.0\FNA.dll
D | Compile              | Done Building Project "C:\Users\tagsu\code\neoskye\FNA\FNA.Core.csproj" (default targets).
D | Compile              | GenerateTargetFrameworkMonikerAttribute:
D | Compile              | Skipping target "GenerateTargetFrameworkMonikerAttribute" because all output files are up-to-date with respect to the input files.
D | Compile              | CoreGenerateAssemblyInfo:
D | Compile              | Skipping target "CoreGenerateAssemblyInfo" because all output files are up-to-date with respect to the input files.
D | Compile              | CoreCompile:
D | Compile              |   C:\Program Files\Microsoft Visual Studio\2022\Community\MSBuild\Current\Bin\Roslyn\csc.exe /noconfig /unsafe- /checked- /nowarn:1701,1702,IL2121,1701,1702 /fullpaths /nostdlib+ /errorreport:prompt /warn:7 /define:TRACE;DEBUG;NET;NET7_0;NETCOREAPP;NET5_0_OR_GREATER;NET6_0_OR_GREATER;NET7_0_OR_GREATER;NETCOREAPP1_0_OR_GREATER;NETCOREAPP1_1_OR_GREATER;NETCOREAPP2_0_OR_GREATER;NETCOREAPP2_1_OR_GREATER;NETCOREAPP2_2_OR_GREATER;NETCOREAPP3_0_OR_GREATER;NETCOREAPP3_1_OR_GREATER /highentropyva+ /nullable:enable /reference:C:\Users\tagsu\code\neoskye\FNA\obj_core\Debug\net7.0\ref\FNA.dll /reference:"C:\Program Files\dotnet\packs\Microsoft.NETCore.App.Ref\7.0.3\ref\net7.0\Microsoft.CSharp.dll" /reference:"C:\Program Files\dotnet\packs\Microsoft.NETCore.App.Ref\7.0.3\ref\net7.0\Microsoft.VisualBasic.Core.dll" /reference:"C:\Program Files\dotnet\packs\Microsoft.NETCore.App.Ref\7.0.3\ref\net7.0\Microsoft.VisualBasic.dll" /reference:"C:\Program Files\dotnet\packs\Microsoft.NETCore.App.Ref\7.0.3\ref\net7.0\Microsoft.Win32.Primitives.dll" /reference:"C:\Program Files\dotnet\packs\Microsoft.NETCore.App.Ref\7.0.3\ref\net7.0\Microsoft.Win32.Registry.dll" /reference:"C:\Program Files\dotnet\packs\Microsoft.NETCore.App.Ref\7.0.3\ref\net7.0\mscorlib.dll" /reference:"C:\Program Files\dotnet\packs\Microsoft.NETCore.App.Ref\7.0.3\ref\net7.0\netstandard.dll" /reference:"C:\Program Files\dotnet\packs\Microsoft.NETCore.App.Ref\7.0.3\ref\net7.0\System.AppContext.dll" /reference:"C:\Program Files\dotnet\packs\Microsoft.NETCore.App.Ref\7.0.3\ref\net7.0\System.Buffers.dll" /reference:"C:\Program Files\dotnet\packs\Microsoft.NETCore.App.Ref\7.0.3\ref\net7.0\System.Collections.Concurrent.dll" /reference:"C:\Program Files\dotnet\packs\Microsoft.NETCore.App.Ref\7.0.3\ref\net7.0\System.Collections.dll" /reference:"C:\Program Files\dotnet\packs\Microsoft.NETCore.App.Ref\7.0.3\ref\net7.0\System.Collections.Immutable.dll" /reference:"C:\Program Files\dotnet\packs\Microsoft.NETCore.App.Ref\7.0.3\ref\net7.0\System.Collections.NonGeneric.dll" /reference:"C:\Program Files\dotnet\packs\Microsoft.NETCore.App.Ref\7.0.3\ref\net7.0\System.Collections.Specialized.dll" /reference:"C:\Program Files\dotnet\packs\Microsoft.NETCore.App.Ref\7.0.3\ref\net7.0\System.ComponentModel.Annotations.dll" /reference:"C:\Program Files\dotnet\packs\Microsoft.NETCore.App.Ref\7.0.3\ref\net7.0\System.ComponentModel.DataAnnotations.dll" /reference:"C:\Program Files\dotnet\packs\Microsoft.NETCore.App.Ref\7.0.3\ref\net7.0\System.ComponentModel.dll" /reference:"C:\Program Files\dotnet\packs\Microsoft.NETCore.App.Ref\7.0.3\ref\net7.0\System.ComponentModel.EventBasedAsync.dll" /reference:"C:\Program Files\dotnet\packs\Microsoft.NETCore.App.Ref\7.0.3\ref\net7.0\System.ComponentModel.Primitives.dll" /reference:"C:\Program Files\dotnet\packs\Microsoft.NETCore.App.Ref\7.0.3\ref\net7.0\System.ComponentModel.TypeConverter.dll" /reference:"C:\Program Files\dotnet\packs\Microsoft.NETCore.App.Ref\7.0.3\ref\net7.0\System.Configuration.dll" /reference:"C:\Program Files\dotnet\packs\Microsoft.NETCore.App.Ref\7.0.3\ref\net7.0\System.Console.dll" /reference:"C:\Program Files\dotnet\packs\Microsoft.NETCore.App.Ref\7.0.3\ref\net7.0\System.Core.dll" /reference:"C:\Program Files\dotnet\packs\Microsoft.NETCore.App.Ref\7.0.3\ref\net7.0\System.Data.Common.dll" /reference:"C:\Program Files\dotnet\packs\Microsoft.NETCore.App.Ref\7.0.3\ref\net7.0\System.Data.DataSetExtensions.dll" /reference:"C:\Program Files\dotnet\packs\Microsoft.NETCore.App.Ref\7.0.3\ref\net7.0\System.Data.dll" /reference:"C:\Program Files\dotnet\packs\Microsoft.NETCore.App.Ref\7.0.3\ref\net7.0\System.Diagnostics.Contracts.dll" /reference:"C:\Program Files\dotnet\packs\Microsoft.NETCore.App.Ref\7.0.3\ref\net7.0\System.Diagnostics.Debug.dll" /reference:"C:\Program Files\dotnet\packs\Microsoft.NETCore.App.Ref\7.0.3\ref\net7.0\System.Diagnostics.DiagnosticSource.dll" /reference:"C:\Program Files\dotnet\packs\Microsoft.NETCore.App.Ref\7.0.3\ref\net7.0\System.Diagnostics.FileVersionInfo.dll" /reference:"C:\Program Files\dotnet\packs\Microsoft.NETCore.App.Ref\7.0.3\ref\net7.0\System.Diagnostics.Process.dll" /reference:"C:\Program Files\dotnet\packs\Microsoft.NETCore.App.Ref\7.0.3\ref\net7.0\System.Diagnostics.StackTrace.dll" /reference:"C:\Program Files\dotnet\packs\Microsoft.NETCore.App.Ref\7.0.3\ref\net7.0\System.Diagnostics.TextWriterTraceListener.dll" /reference:"C:\Program Files\dotnet\packs\Microsoft.NETCore.App.Ref\7.0.3\ref\net7.0\System.Diagnostics.Tools.dll" /reference:"C:\Program Files\dotnet\packs\Microsoft.NETCore.App.Ref\7.0.3\ref\net7.0\System.Diagnostics.TraceSource.dll" /reference:"C:\Program Files\dotnet\packs\Microsoft.NETCore.App.Ref\7.0.3\ref\net7.0\System.Diagnostics.Tracing.dll" /reference:"C:\Program Files\dotnet\packs\Microsoft.NETCore.App.Ref\7.0.3\ref\net7.0\System.dll" /reference:"C:\Program Files\dotnet\packs\Microsoft.NETCore.App.Ref\7.0.3\ref\net7.0\System.Drawing.dll" /reference:"C:\Program Files\dotnet\packs\Microsoft.NETCore.App.Ref\7.0.3\ref\net7.0\System.Drawing.Primitives.dll" /reference:"C:\Program Files\dotnet\packs\Microsoft.NETCore.App.Ref\7.0.3\ref\net7.0\System.Dynamic.Runtime.dll" /reference:"C:\Program Files\dotnet\packs\Microsoft.NETCore.App.Ref\7.0.3\ref\net7.0\System.Formats.Asn1.dll" /reference:"C:\Program Files\dotnet\packs\Microsoft.NETCore.App.Ref\7.0.3\ref\net7.0\System.Formats.Tar.dll" /reference:"C:\Program Files\dotnet\packs\Microsoft.NETCore.App.Ref\7.0.3\ref\net7.0\System.Globalization.Calendars.dll" /reference:"C:\Program Files\dotnet\packs\Microsoft.NETCore.App.Ref\7.0.3\ref\net7.0\System.Globalization.dll" /reference:"C:\Program Files\dotnet\packs\Microsoft.NETCore.App.Ref\7.0.3\ref\net7.0\System.Globalization.Extensions.dll" /reference:"C:\Program Files\dotnet\packs\Microsoft.NETCore.App.Ref\7.0.3\ref\net7.0\System.IO.Compression.Brotli.dll" /reference:"C:\Program Files\dotnet\packs\Microsoft.NETCore.App.Ref\7.0.3\ref\net7.0\System.IO.Compression.dll" /reference:"C:\Program Files\dotnet\packs\Microsoft.NETCore.App.Ref\7.0.3\ref\net7.0\System.IO.Compression.FileSystem.dll" /reference:"C:\Program Files\dotnet\packs\Microsoft.NETCore.App.Ref\7.0.3\ref\net7.0\System.IO.Compression.ZipFile.dll" /reference:"C:\Program Files\dotnet\packs\Microsoft.NETCore.App.Ref\7.0.3\ref\net7.0\System.IO.dll" /reference:"C:\Program Files\dotnet\packs\Microsoft.NETCore.App.Ref\7.0.3\ref\net7.0\System.IO.FileSystem.AccessControl.dll" /reference:"C:\Program Files\dotnet\packs\Microsoft.NETCore.App.Ref\7.0.3\ref\net7.0\System.IO.FileSystem.dll" /reference:"C:\Program Files\dotnet\packs\Microsoft.NETCore.App.Ref\7.0.3\ref\net7.0\System.IO.FileSystem.DriveInfo.dll" /reference:"C:\Program Files\dotnet\packs\Microsoft.NETCore.App.Ref\7.0.3\ref\net7.0\System.IO.FileSystem.Primitives.dll" /reference:"C:\Program Files\dotnet\packs\Microsoft.NETCore.App.Ref\7.0.3\ref\net7.0\System.IO.FileSystem.Watcher.dll" /reference:"C:\Program Files\dotnet\packs\Microsoft.NETCore.App.Ref\7.0.3\ref\net7.0\System.IO.IsolatedStorage.dll" /reference:"C:\Program Files\dotnet\packs\Microsoft.NETCore.App.Ref\7.0.3\ref\net7.0\System.IO.MemoryMappedFiles.dll" /reference:"C:\Program Files\dotnet\packs\Microsoft.NETCore.App.Ref\7.0.3\ref\net7.0\System.IO.Pipes.AccessControl.dll" /reference:"C:\Program Files\dotnet\packs\Microsoft.NETCore.App.Ref\7.0.3\ref\net7.0\System.IO.Pipes.dll" /reference:"C:\Program Files\dotnet\packs\Microsoft.NETCore.App.Ref\7.0.3\ref\net7.0\System.IO.UnmanagedMemoryStream.dll" /reference:"C:\Program Files\dotnet\packs\Microsoft.NETCore.App.Ref\7.0.3\ref\net7.0\System.Linq.dll" /reference:"C:\Program Files\dotnet\packs\Microsoft.NETCore.App.Ref\7.0.3\ref\net7.0\System.Linq.Expressions.dll" /reference:"C:\Program Files\dotnet\packs\Microsoft.NETCore.App.Ref\7.0.3\ref\net7.0\System.Linq.Parallel.dll" /reference:"C:\Program Files\dotnet\packs\Microsoft.NETCore.App.Ref\7.0.3\ref\net7.0\System.Linq.Queryable.dll" /reference:"C:\Program Files\dotnet\packs\Microsoft.NETCore.App.Ref\7.0.3\ref\net7.0\System.Memory.dll" /reference:"C:\Program Files\dotnet\packs\Microsoft.NETCore.App.Ref\7.0.3\ref\net7.0\System.Net.dll" /reference:"C:\Program Files\dotnet\packs\Microsoft.NETCore.App.Ref\7.0.3\ref\net7.0\System.Net.Http.dll" /reference:"C:\Program Files\dotnet\packs\Microsoft.NETCore.App.Ref\7.0.3\ref\net7.0\System.Net.Http.Json.dll" /reference:"C:\Program Files\dotnet\packs\Microsoft.NETCore.App.Ref\7.0.3\ref\net7.0\System.Net.HttpListener.dll" /reference:"C:\Program Files\dotnet\packs\Microsoft.NETCore.App.Ref\7.0.3\ref\net7.0\System.Net.Mail.dll" /reference:"C:\Program Files\dotnet\packs\Microsoft.NETCore.App.Ref\7.0.3\ref\net7.0\System.Net.NameResolution.dll" /reference:"C:\Program Files\dotnet\packs\Microsoft.NETCore.App.Ref\7.0.3\ref\net7.0\System.Net.NetworkInformation.dll" /reference:"C:\Program Files\dotnet\packs\Microsoft.NETCore.App.Ref\7.0.3\ref\net7.0\System.Net.Ping.dll" /reference:"C:\Program Files\dotnet\packs\Microsoft.NETCore.App.Ref\7.0.3\ref\net7.0\System.Net.Primitives.dll" /reference:"C:\Program Files\dotnet\packs\Microsoft.NETCore.App.Ref\7.0.3\ref\net7.0\System.Net.Quic.dll" /reference:"C:\Program Files\dotnet\packs\Microsoft.NETCore.App.Ref\7.0.3\ref\net7.0\System.Net.Requests.dll" /reference:"C:\Program Files\dotnet\packs\Microsoft.NETCore.App.Ref\7.0.3\ref\net7.0\System.Net.Security.dll" /reference:"C:\Program Files\dotnet\packs\Microsoft.NETCore.App.Ref\7.0.3\ref\net7.0\System.Net.ServicePoint.dll" /reference:"C:\Program Files\dotnet\packs\Microsoft.NETCore.App.Ref\7.0.3\ref\net7.0\System.Net.Sockets.dll" /reference:"C:\Program Files\dotnet\packs\Microsoft.NETCore.App.Ref\7.0.3\ref\net7.0\System.Net.WebClient.dll" /reference:"C:\Program Files\dotnet\packs\Microsoft.NETCore.App.Ref\7.0.3\ref\net7.0\System.Net.WebHeaderCollection.dll" /reference:"C:\Program Files\dotnet\packs\Microsoft.NETCore.App.Ref\7.0.3\ref\net7.0\System.Net.WebProxy.dll" /reference:"C:\Program Files\dotnet\packs\Microsoft.NETCore.App.Ref\7.0.3\ref\net7.0\System.Net.WebSockets.Client.dll" /reference:"C:\Program Files\dotnet\packs\Microsoft.NETCore.App.Ref\7.0.3\ref\net7.0\System.Net.WebSockets.dll" /reference:"C:\Program Files\dotnet\packs\Microsoft.NETCore.App.Ref\7.0.3\ref\net7.0\System.Numerics.dll" /reference:"C:\Program Files\dotnet\packs\Microsoft.NETCore.App.Ref\7.0.3\ref\net7.0\System.Numerics.Vectors.dll" /reference:"C:\Program Files\dotnet\packs\Microsoft.NETCore.App.Ref\7.0.3\ref\net7.0\System.ObjectModel.dll" /reference:"C:\Program Files\dotnet\packs\Microsoft.NETCore.App.Ref\7.0.3\ref\net7.0\System.Reflection.DispatchProxy.dll" /reference:"C:\Program Files\dotnet\packs\Microsoft.NETCore.App.Ref\7.0.3\ref\net7.0\System.Reflection.dll" /reference:"C:\Program Files\dotnet\packs\Microsoft.NETCore.App.Ref\7.0.3\ref\net7.0\System.Reflection.Emit.dll" /reference:"C:\Program Files\dotnet\packs\Microsoft.NETCore.App.Ref\7.0.3\ref\net7.0\System.Reflection.Emit.ILGeneration.dll" /reference:"C:\Program Files\dotnet\packs\Microsoft.NETCore.App.Ref\7.0.3\ref\net7.0\System.Reflection.Emit.Lightweight.dll" /reference:"C:\Program Files\dotnet\packs\Microsoft.NETCore.App.Ref\7.0.3\ref\net7.0\System.Reflection.Extensions.dll" /reference:"C:\Program Files\dotnet\packs\Microsoft.NETCore.App.Ref\7.0.3\ref\net7.0\System.Reflection.Metadata.dll" /reference:"C:\Program Files\dotnet\packs\Microsoft.NETCore.App.Ref\7.0.3\ref\net7.0\System.Reflection.Primitives.dll" /reference:"C:\Program Files\dotnet\packs\Microsoft.NETCore.App.Ref\7.0.3\ref\net7.0\System.Reflection.TypeExtensions.dll" /reference:"C:\Program Files\dotnet\packs\Microsoft.NETCore.App.Ref\7.0.3\ref\net7.0\System.Resources.Reader.dll" /reference:"C:\Program Files\dotnet\packs\Microsoft.NETCore.App.Ref\7.0.3\ref\net7.0\System.Resources.ResourceManager.dll" /reference:"C:\Program Files\dotnet\packs\Microsoft.NETCore.App.Ref\7.0.3\ref\net7.0\System.Resources.Writer.dll" /reference:"C:\Program Files\dotnet\packs\Microsoft.NETCore.App.Ref\7.0.3\ref\net7.0\System.Runtime.CompilerServices.Unsafe.dll" /reference:"C:\Program Files\dotnet\packs\Microsoft.NETCore.App.Ref\7.0.3\ref\net7.0\System.Runtime.CompilerServices.VisualC.dll" /reference:"C:\Program Files\dotnet\packs\Microsoft.NETCore.App.Ref\7.0.3\ref\net7.0\System.Runtime.dll" /reference:"C:\Program Files\dotnet\packs\Microsoft.NETCore.App.Ref\7.0.3\ref\net7.0\System.Runtime.Extensions.dll" /reference:"C:\Program Files\dotnet\packs\Microsoft.NETCore.App.Ref\7.0.3\ref\net7.0\System.Runtime.Handles.dll" /reference:"C:\Program Files\dotnet\packs\Microsoft.NETCore.App.Ref\7.0.3\ref\net7.0\System.Runtime.InteropServices.dll" /reference:"C:\Program Files\dotnet\packs\Microsoft.NETCore.App.Ref\7.0.3\ref\net7.0\System.Runtime.InteropServices.JavaScript.dll" /reference:"C:\Program Files\dotnet\packs\Microsoft.NETCore.App.Ref\7.0.3\ref\net7.0\System.Runtime.InteropServices.RuntimeInformation.dll" /reference:"C:\Program Files\dotnet\packs\Microsoft.NETCore.App.Ref\7.0.3\ref\net7.0\System.Runtime.Intrinsics.dll" /reference:"C:\Program Files\dotnet\packs\Microsoft.NETCore.App.Ref\7.0.3\ref\net7.0\System.Runtime.Loader.dll" /reference:"C:\Program Files\dotnet\packs\Microsoft.NETCore.App.Ref\7.0.3\ref\net7.0\System.Runtime.Numerics.dll" /reference:"C:\Program Files\dotnet\packs\Microsoft.NETCore.App.Ref\7.0.3\ref\net7.0\System.Runtime.Serialization.dll" /reference:"C:\Program Files\dotnet\packs\Microsoft.NETCore.App.Ref\7.0.3\ref\net7.0\System.Runtime.Serialization.Formatters.dll" /reference:"C:\Program Files\dotnet\packs\Microsoft.NETCore.App.Ref\7.0.3\ref\net7.0\System.Runtime.Serialization.Json.dll" /reference:"C:\Program Files\dotnet\packs\Microsoft.NETCore.App.Ref\7.0.3\ref\net7.0\System.Runtime.Serialization.Primitives.dll" /reference:"C:\Program Files\dotnet\packs\Microsoft.NETCore.App.Ref\7.0.3\ref\net7.0\System.Runtime.Serialization.Xml.dll" /reference:"C:\Program Files\dotnet\packs\Microsoft.NETCore.App.Ref\7.0.3\ref\net7.0\System.Security.AccessControl.dll" /reference:"C:\Program Files\dotnet\packs\Microsoft.NETCore.App.Ref\7.0.3\ref\net7.0\System.Security.Claims.dll" /reference:"C:\Program Files\dotnet\packs\Microsoft.NETCore.App.Ref\7.0.3\ref\net7.0\System.Security.Cryptography.Algorithms.dll" /reference:"C:\Program Files\dotnet\packs\Microsoft.NETCore.App.Ref\7.0.3\ref\net7.0\System.Security.Cryptography.Cng.dll" /reference:"C:\Program Files\dotnet\packs\Microsoft.NETCore.App.Ref\7.0.3\ref\net7.0\System.Security.Cryptography.Csp.dll" /reference:"C:\Program Files\dotnet\packs\Microsoft.NETCore.App.Ref\7.0.3\ref\net7.0\System.Security.Cryptography.dll" /reference:"C:\Program Files\dotnet\packs\Microsoft.NETCore.App.Ref\7.0.3\ref\net7.0\System.Security.Cryptography.Encoding.dll" /reference:"C:\Program Files\dotnet\packs\Microsoft.NETCore.App.Ref\7.0.3\ref\net7.0\System.Security.Cryptography.OpenSsl.dll" /reference:"C:\Program Files\dotnet\packs\Microsoft.NETCore.App.Ref\7.0.3\ref\net7.0\System.Security.Cryptography.Primitives.dll" /reference:"C:\Program Files\dotnet\packs\Microsoft.NETCore.App.Ref\7.0.3\ref\net7.0\System.Security.Cryptography.X509Certificates.dll" /reference:"C:\Program Files\dotnet\packs\Microsoft.NETCore.App.Ref\7.0.3\ref\net7.0\System.Security.dll" /reference:"C:\Program Files\dotnet\packs\Microsoft.NETCore.App.Ref\7.0.3\ref\net7.0\System.Security.Principal.dll" /reference:"C:\Program Files\dotnet\packs\Microsoft.NETCore.App.Ref\7.0.3\ref\net7.0\System.Security.Principal.Windows.dll" /reference:"C:\Program Files\dotnet\packs\Microsoft.NETCore.App.Ref\7.0.3\ref\net7.0\System.Security.SecureString.dll" /reference:"C:\Program Files\dotnet\packs\Microsoft.NETCore.App.Ref\7.0.3\ref\net7.0\System.ServiceModel.Web.dll" /reference:"C:\Program Files\dotnet\packs\Microsoft.NETCore.App.Ref\7.0.3\ref\net7.0\System.ServiceProcess.dll" /reference:"C:\Program Files\dotnet\packs\Microsoft.NETCore.App.Ref\7.0.3\ref\net7.0\System.Text.Encoding.CodePages.dll" /reference:"C:\Program Files\dotnet\packs\Microsoft.NETCore.App.Ref\7.0.3\ref\net7.0\System.Text.Encoding.dll" /reference:"C:\Program Files\dotnet\packs\Microsoft.NETCore.App.Ref\7.0.3\ref\net7.0\System.Text.Encoding.Extensions.dll" /reference:"C:\Program Files\dotnet\packs\Microsoft.NETCore.App.Ref\7.0.3\ref\net7.0\System.Text.Encodings.Web.dll" /reference:"C:\Program Files\dotnet\packs\Microsoft.NETCore.App.Ref\7.0.3\ref\net7.0\System.Text.Json.dll" /reference:"C:\Program Files\dotnet\packs\Microsoft.NETCore.App.Ref\7.0.3\ref\net7.0\System.Text.RegularExpressions.dll" /reference:"C:\Program Files\dotnet\packs\Microsoft.NETCore.App.Ref\7.0.3\ref\net7.0\System.Threading.Channels.dll" /reference:"C:\Program Files\dotnet\packs\Microsoft.NETCore.App.Ref\7.0.3\ref\net7.0\System.Threading.dll" /reference:"C:\Program Files\dotnet\packs\Microsoft.NETCore.App.Ref\7.0.3\ref\net7.0\System.Threading.Overlapped.dll" /reference:"C:\Program Files\dotnet\packs\Microsoft.NETCore.App.Ref\7.0.3\ref\net7.0\System.Threading.Tasks.Dataflow.dll" /reference:"C:\Program Files\dotnet\packs\Microsoft.NETCore.App.Ref\7.0.3\ref\net7.0\System.Threading.Tasks.dll" /reference:"C:\Program Files\dotnet\packs\Microsoft.NETCore.App.Ref\7.0.3\ref\net7.0\System.Threading.Tasks.Extensions.dll" /reference:"C:\Program Files\dotnet\packs\Microsoft.NETCore.App.Ref\7.0.3\ref\net7.0\System.Threading.Tasks.Parallel.dll" /reference:"C:\Program Files\dotnet\packs\Microsoft.NETCore.App.Ref\7.0.3\ref\net7.0\System.Threading.Thread.dll" /reference:"C:\Program Files\dotnet\packs\Microsoft.NETCore.App.Ref\7.0.3\ref\net7.0\System.Threading.ThreadPool.dll" /reference:"C:\Program Files\dotnet\packs\Microsoft.NETCore.App.Ref\7.0.3\ref\net7.0\System.Threading.Timer.dll" /reference:"C:\Program Files\dotnet\packs\Microsoft.NETCore.App.Ref\7.0.3\ref\net7.0\System.Transactions.dll" /reference:"C:\Program Files\dotnet\packs\Microsoft.NETCore.App.Ref\7.0.3\ref\net7.0\System.Transactions.Local.dll" /reference:"C:\Program Files\dotnet\packs\Microsoft.NETCore.App.Ref\7.0.3\ref\net7.0\System.ValueTuple.dll" /reference:"C:\Program Files\dotnet\packs\Microsoft.NETCore.App.Ref\7.0.3\ref\net7.0\System.Web.dll" /reference:"C:\Program Files\dotnet\packs\Microsoft.NETCore.App.Ref\7.0.3\ref\net7.0\System.Web.HttpUtility.dll" /reference:"C:\Program Files\dotnet\packs\Microsoft.NETCore.App.Ref\7.0.3\ref\net7.0\System.Windows.dll" /reference:"C:\Program Files\dotnet\packs\Microsoft.NETCore.App.Ref\7.0.3\ref\net7.0\System.Xml.dll" /reference:"C:\Program Files\dotnet\packs\Microsoft.NETCore.App.Ref\7.0.3\ref\net7.0\System.Xml.Linq.dll" /reference:"C:\Program Files\dotnet\packs\Microsoft.NETCore.App.Ref\7.0.3\ref\net7.0\System.Xml.ReaderWriter.dll" /reference:"C:\Program Files\dotnet\packs\Microsoft.NETCore.App.Ref\7.0.3\ref\net7.0\System.Xml.Serialization.dll" /reference:"C:\Program Files\dotnet\packs\Microsoft.NETCore.App.Ref\7.0.3\ref\net7.0\System.Xml.XDocument.dll" /reference:"C:\Program Files\dotnet\packs\Microsoft.NETCore.App.Ref\7.0.3\ref\net7.0\System.Xml.XmlDocument.dll" /reference:"C:\Program Files\dotnet\packs\Microsoft.NETCore.App.Ref\7.0.3\ref\net7.0\System.Xml.XmlSerializer.dll" /reference:"C:\Program Files\dotnet\packs\Microsoft.NETCore.App.Ref\7.0.3\ref\net7.0\System.Xml.XPath.dll" /reference:"C:\Program Files\dotnet\packs\Microsoft.NETCore.App.Ref\7.0.3\ref\net7.0\System.Xml.XPath.XDocument.dll" /reference:"C:\Program Files\dotnet\packs\Microsoft.NETCore.App.Ref\7.0.3\ref\net7.0\WindowsBase.dll" /debug+ /debug:portable /filealign:512 /optimize- /out:obj\Debug\net7.0\Neoskye.Engine.dll /refout:obj\Debug\net7.0\refint\Neoskye.Engine.dll /target:library /warnaserror- /utf8output /deterministic+ /langversion:11.0 /analyzerconfig:C:\Users\tagsu\code\neoskye\.editorconfig /analyzerconfig:obj\Debug\net7.0\Neoskye.Engine.GeneratedMSBuildEditorConfig.editorconfig /analyzerconfig:"C:\Program Files\dotnet\sdk\7.0.103\Sdks\Microsoft.NET.Sdk\analyzers\build\config\analysislevel_7_default.editorconfig" /analyzer:"C:\Program Files\dotnet\sdk\7.0.103\Sdks\Microsoft.NET.Sdk\targets\..\analyzers\Microsoft.CodeAnalysis.CSharp.NetAnalyzers.dll" /analyzer:"C:\Program Files\dotnet\sdk\7.0.103\Sdks\Microsoft.NET.Sdk\targets\..\analyzers\Microsoft.CodeAnalysis.NetAnalyzers.dll" /analyzer:"C:\Program Files\dotnet\packs\Microsoft.NETCore.App.Ref\7.0.3\analyzers/dotnet/cs/Microsoft.Interop.JavaScript.JSImportGenerator.dll" /analyzer:"C:\Program Files\dotnet\packs\Microsoft.NETCore.App.Ref\7.0.3\analyzers/dotnet/cs/Microsoft.Interop.LibraryImportGenerator.dll" /analyzer:"C:\Program Files\dotnet\packs\Microsoft.NETCore.App.Ref\7.0.3\analyzers/dotnet/cs/Microsoft.Interop.SourceGeneration.dll" /analyzer:"C:\Program Files\dotnet\packs\Microsoft.NETCore.App.Ref\7.0.3\analyzers/dotnet/cs/System.Text.Json.SourceGeneration.dll" /analyzer:"C:\Program Files\dotnet\packs\Microsoft.NETCore.App.Ref\7.0.3\analyzers/dotnet/cs/System.Text.RegularExpressions.Generator.dll" Engine.cs FNAInstance.cs global.cs obj\Debug\net7.0\Neoskye.Engine.GlobalUsings.g.cs "obj\Debug\net7.0\.NETCoreApp,Version=v7.0.AssemblyAttributes.cs" obj\Debug\net7.0\Neoskye.Engine.AssemblyInfo.cs /warnaserror+:NU1605,SYSLIB0011
D | Compile              |   CompilerServer: server - server processed compilation - 1c5b551c-5600-4a9d-b124-90dffaadb4ef
D | Compile              | _CopyFilesMarkedCopyLocal:
D | Compile              |   Copying file from "C:\Users\tagsu\code\neoskye\FNA\bin\Debug\net7.0\FNA.pdb" to "C:\Users\tagsu\code\neoskye\runtime\Neoskye.Engine\bin\Debug\net7.0\FNA.pdb".
D | Compile              |   Copying file from "C:\Users\tagsu\code\neoskye\FNA\bin\Debug\net7.0\FNA.dll" to "C:\Users\tagsu\code\neoskye\runtime\Neoskye.Engine\bin\Debug\net7.0\FNA.dll".
D | Compile              |   Touching "C:\Users\tagsu\code\neoskye\runtime\Neoskye.Engine\obj\Debug\net7.0\Neoskye.Engine.csproj.CopyComplete".
D | Compile              | GenerateBuildDependencyFile:
D | Compile              | Skipping target "GenerateBuildDependencyFile" because all output files are up-to-date with respect to the input files.
D | Compile              | CopyFilesToOutputDirectory:
D | Compile              |   Copying file from "C:\Users\tagsu\code\neoskye\runtime\Neoskye.Engine\obj\Debug\net7.0\Neoskye.Engine.dll" to "C:\Users\tagsu\code\neoskye\runtime\Neoskye.Engine\bin\Debug\net7.0\Neoskye.Engine.dll".
D | Compile              |   Neoskye.Engine -> C:\Users\tagsu\code\neoskye\runtime\Neoskye.Engine\bin\Debug\net7.0\Neoskye.Engine.dll
D | Compile              |   Copying file from "C:\Users\tagsu\code\neoskye\runtime\Neoskye.Engine\obj\Debug\net7.0\Neoskye.Engine.pdb" to "C:\Users\tagsu\code\neoskye\runtime\Neoskye.Engine\bin\Debug\net7.0\Neoskye.Engine.pdb".
D | Compile              | Done Building Project "C:\Users\tagsu\code\neoskye\runtime\Neoskye.Engine\Neoskye.Engine.csproj" (default targets).
D | Compile              | GenerateTargetFrameworkMonikerAttribute:
D | Compile              | Skipping target "GenerateTargetFrameworkMonikerAttribute" because all output files are up-to-date with respect to the input files.
D | Compile              | CoreGenerateAssemblyInfo:
D | Compile              | Skipping target "CoreGenerateAssemblyInfo" because all output files are up-to-date with respect to the input files.
D | Compile              | CoreCompile:
D | Compile              | Skipping target "CoreCompile" because all output files are up-to-date with respect to the input files.
D | Compile              | _CreateAppHost:
D | Compile              | Skipping target "_CreateAppHost" because all output files are up-to-date with respect to the input files.
D | Compile              | _CopyFilesMarkedCopyLocal:
D | Compile              |   Copying file from "C:\Users\tagsu\code\neoskye\runtime\Neoskye.Engine\bin\Debug\net7.0\Neoskye.Engine.dll" to "C:\Users\tagsu\code\neoskye\test\bin\Debug\net7.0\Neoskye.Engine.dll".
D | Compile              |   Copying file from "C:\Users\tagsu\code\neoskye\runtime\Neoskye.Engine\bin\Debug\net7.0\Neoskye.Engine.pdb" to "C:\Users\tagsu\code\neoskye\test\bin\Debug\net7.0\Neoskye.Engine.pdb".
D | Compile              |   Touching "C:\Users\tagsu\code\neoskye\test\obj\Debug\net7.0\test.csproj.CopyComplete".
D | Compile              | _CopyOutOfDateSourceItemsToOutputDirectory:
D | Compile              | Skipping target "_CopyOutOfDateSourceItemsToOutputDirectory" because all output files are up-to-date with respect to the input files.
D | Compile              | GenerateBuildDependencyFile:
D | Compile              | Skipping target "GenerateBuildDependencyFile" because all output files are up-to-date with respect to the input files.
D | Compile              | GenerateBuildRuntimeConfigurationFiles:
D | Compile              | Skipping target "GenerateBuildRuntimeConfigurationFiles" because all output files are up-to-date with respect to the input files.
D | Compile              | CopyFilesToOutputDirectory:
D | Compile              |   test -> C:\Users\tagsu\code\neoskye\test\bin\Debug\net7.0\test.dll
D | Compile              | Done Building Project "C:\Users\tagsu\code\neoskye\test\test.csproj" (Build target(s)).
D | Compile              | 
D | Compile              | Build succeeded.
D | Compile              |     0 Warning(s)
D | Compile              |     0 Error(s)
D | Compile              | 
D | Compile              | Time Elapsed 00:00:03.08
V | Compile              | Telemetry.OnTargetSucceeded (0)
V | Compile              | Sending TargetSucceeded telemetry event ...
V | Compile              |   build_components         = 
V | Compile              |   build_type               = Project
V | Compile              |   compile_time             = <null>
V | Compile              |   config_generators        = 
V | Compile              |   host                     = VSCode
V | Compile              |   num_custom_components    = 0
V | Compile              |   num_custom_extensions    = 0
V | Compile              |   num_partitioned_targets  = 0
V | Compile              |   num_secrets              = 0
V | Compile              |   num_targets              = 4
V | Compile              |   os_architecture          = X64
V | Compile              |   os_platform              = Windows
V | Compile              |   repo_branch              = main
V | Compile              |   repo_commit              = cca629
V | Compile              |   repo_provider            = GitHub
V | Compile              |   repo_url                 = b89e29
V | Compile              |   target_current_partition = 1
V | Compile              |   target_duration          = 8
V | Compile              |   target_framework         = .NETCoreApp,Version=v6.0
V | Compile              |   target_name              = Compile
V | Compile              |   target_total_partitions  = 1
V | Compile              |   version_dotnet_sdk       = 7.0.103
V | Compile              |   version_nuke_common      = 6.3.0
V | Compile              |   version_nuke_global_tool = <null>
V | Compile              | EventInvoker.OnTargetSucceeded (-3.4028235E+38)
V | RunTest              | EventInvoker.OnTargetRunning (-3.4028235E+38)
V | RunTest              | Telemetry.OnTargetSucceeded (0)
V | RunTest              | EventInvoker.OnTargetSucceeded (-3.4028235E+38)
V |                      | UpdateNotification.OnBuildFinished (10)
V |                      | SerializeBuildServerState.OnBuildFinished (0)
V |                      | EventInvoker.OnBuildFinished (-3.4028235E+38)
